{"C:\\Users\\avisa\\Documents\\posts-api-assignments\\src\\server.ts": {"path":"C:\\Users\\avisa\\Documents\\posts-api-assignments\\src\\server.ts","statementMap":{"0":{"start":{"line":1,"column":0},"end":{"line":1,"column":27}},"1":{"start":{"line":2,"column":0},"end":{"line":2,"column":16}},"2":{"start":{"line":3,"column":0},"end":{"line":3,"column":32}},"3":{"start":{"line":4,"column":0},"end":{"line":4,"column":37}},"4":{"start":{"line":5,"column":0},"end":{"line":5,"column":43}},"5":{"start":{"line":6,"column":0},"end":{"line":6,"column":47}},"6":{"start":{"line":7,"column":0},"end":{"line":7,"column":53}},"7":{"start":{"line":8,"column":0},"end":{"line":8,"column":45}},"8":{"start":{"line":10,"column":12},"end":{"line":10,"column":21}},"9":{"start":{"line":11,"column":0},"end":{"line":11,"column":27}},"10":{"start":{"line":12,"column":0},"end":{"line":12,"column":51}},"11":{"start":{"line":13,"column":0},"end":{"line":13,"column":31}},"12":{"start":{"line":14,"column":0},"end":{"line":14,"column":37}},"13":{"start":{"line":15,"column":0},"end":{"line":15,"column":29}},"14":{"start":{"line":17,"column":11},"end":{"line":17,"column":30}},"15":{"start":{"line":18,"column":0},"end":{"line":18,"column":48}},"16":{"start":{"line":18,"column":26},"end":{"line":18,"column":46}},"17":{"start":{"line":19,"column":0},"end":{"line":19,"column":60}},"18":{"start":{"line":19,"column":22},"end":{"line":19,"column":58}},"19":{"start":{"line":21,"column":16},"end":{"line":36,"column":1}},"20":{"start":{"line":22,"column":2},"end":{"line":35,"column":5}},"21":{"start":{"line":23,"column":4},"end":{"line":34,"column":5}},"22":{"start":{"line":24,"column":6},"end":{"line":24,"column":55}},"23":{"start":{"line":26,"column":6},"end":{"line":33,"column":11}},"24":{"start":{"line":29,"column":10},"end":{"line":29,"column":23}},"25":{"start":{"line":32,"column":10},"end":{"line":32,"column":24}},"26":{"start":{"line":38,"column":0},"end":{"line":38,"column":23}}},"fnMap":{"0":{"name":"(anonymous_1)","decl":{"start":{"line":18,"column":15},"end":{"line":18,"column":16}},"loc":{"start":{"line":18,"column":26},"end":{"line":18,"column":46}}},"1":{"name":"(anonymous_2)","decl":{"start":{"line":19,"column":16},"end":{"line":19,"column":19}},"loc":{"start":{"line":19,"column":22},"end":{"line":19,"column":58}}},"2":{"name":"(anonymous_3)","decl":{"start":{"line":21,"column":16},"end":{"line":21,"column":19}},"loc":{"start":{"line":21,"column":21},"end":{"line":36,"column":1}}},"3":{"name":"(anonymous_4)","decl":{"start":{"line":22,"column":30},"end":{"line":22,"column":31}},"loc":{"start":{"line":22,"column":50},"end":{"line":35,"column":3}}},"4":{"name":"(anonymous_5)","decl":{"start":{"line":28,"column":14},"end":{"line":28,"column":17}},"loc":{"start":{"line":28,"column":19},"end":{"line":30,"column":9}}},"5":{"name":"(anonymous_6)","decl":{"start":{"line":31,"column":15},"end":{"line":31,"column":16}},"loc":{"start":{"line":31,"column":25},"end":{"line":33,"column":9}}}},"branchMap":{"0":{"loc":{"start":{"line":23,"column":4},"end":{"line":34,"column":5}},"type":"if","locations":[{"start":{"line":23,"column":4},"end":{"line":34,"column":5}},{"start":{"line":25,"column":11},"end":{"line":34,"column":5}}]}},"s":{"0":3,"1":3,"2":3,"3":3,"4":3,"5":3,"6":3,"7":3,"8":3,"9":3,"10":3,"11":3,"12":3,"13":3,"14":3,"15":3,"16":0,"17":3,"18":3,"19":3,"20":5,"21":5,"22":1,"23":4,"24":3,"25":1,"26":3},"f":{"0":0,"1":3,"2":5,"3":5,"4":3,"5":1},"b":{"0":[1,4]}}
,"C:\\Users\\avisa\\Documents\\posts-api-assignments\\src\\controllers\\base_controller.ts": {"path":"C:\\Users\\avisa\\Documents\\posts-api-assignments\\src\\controllers\\base_controller.ts","statementMap":{"0":{"start":{"line":7,"column":8},"end":{"line":7,"column":27}},"1":{"start":{"line":11,"column":23},"end":{"line":11,"column":38}},"2":{"start":{"line":12,"column":8},"end":{"line":22,"column":9}},"3":{"start":{"line":13,"column":12},"end":{"line":19,"column":13}},"4":{"start":{"line":14,"column":29},"end":{"line":14,"column":69}},"5":{"start":{"line":15,"column":16},"end":{"line":15,"column":31}},"6":{"start":{"line":17,"column":30},"end":{"line":17,"column":53}},"7":{"start":{"line":18,"column":16},"end":{"line":18,"column":32}},"8":{"start":{"line":21,"column":12},"end":{"line":21,"column":40}},"9":{"start":{"line":26,"column":19},"end":{"line":26,"column":32}},"10":{"start":{"line":27,"column":8},"end":{"line":36,"column":9}},"11":{"start":{"line":28,"column":25},"end":{"line":28,"column":54}},"12":{"start":{"line":29,"column":12},"end":{"line":33,"column":13}},"13":{"start":{"line":30,"column":16},"end":{"line":30,"column":31}},"14":{"start":{"line":32,"column":16},"end":{"line":32,"column":50}},"15":{"start":{"line":35,"column":12},"end":{"line":35,"column":40}},"16":{"start":{"line":40,"column":21},"end":{"line":40,"column":29}},"17":{"start":{"line":41,"column":8},"end":{"line":46,"column":9}},"18":{"start":{"line":42,"column":25},"end":{"line":42,"column":54}},"19":{"start":{"line":43,"column":12},"end":{"line":43,"column":39}},"20":{"start":{"line":45,"column":12},"end":{"line":45,"column":40}},"21":{"start":{"line":50,"column":19},"end":{"line":50,"column":32}},"22":{"start":{"line":51,"column":21},"end":{"line":51,"column":29}},"23":{"start":{"line":53,"column":8},"end":{"line":67,"column":9}},"24":{"start":{"line":54,"column":12},"end":{"line":56,"column":13}},"25":{"start":{"line":55,"column":16},"end":{"line":55,"column":62}},"26":{"start":{"line":58,"column":23},"end":{"line":58,"column":82}},"27":{"start":{"line":60,"column":12},"end":{"line":62,"column":13}},"28":{"start":{"line":61,"column":16},"end":{"line":61,"column":62}},"29":{"start":{"line":64,"column":12},"end":{"line":64,"column":37}},"30":{"start":{"line":66,"column":12},"end":{"line":66,"column":40}},"31":{"start":{"line":72,"column":19},"end":{"line":72,"column":32}},"32":{"start":{"line":73,"column":8},"end":{"line":81,"column":9}},"33":{"start":{"line":74,"column":23},"end":{"line":74,"column":61}},"34":{"start":{"line":75,"column":12},"end":{"line":77,"column":13}},"35":{"start":{"line":76,"column":12},"end":{"line":76,"column":58}},"36":{"start":{"line":78,"column":12},"end":{"line":78,"column":37}},"37":{"start":{"line":80,"column":12},"end":{"line":80,"column":40}},"38":{"start":{"line":87,"column":0},"end":{"line":87,"column":null}}},"fnMap":{"0":{"name":"(anonymous_7)","decl":{"start":{"line":6,"column":4},"end":{"line":6,"column":16}},"loc":{"start":{"line":6,"column":26},"end":{"line":8,"column":5}}},"1":{"name":"(anonymous_8)","decl":{"start":{"line":10,"column":10},"end":{"line":10,"column":16}},"loc":{"start":{"line":10,"column":44},"end":{"line":23,"column":6}}},"2":{"name":"(anonymous_10)","decl":{"start":{"line":25,"column":10},"end":{"line":25,"column":17}},"loc":{"start":{"line":25,"column":45},"end":{"line":37,"column":6}}},"3":{"name":"(anonymous_12)","decl":{"start":{"line":39,"column":10},"end":{"line":39,"column":16}},"loc":{"start":{"line":39,"column":44},"end":{"line":47,"column":6}}},"4":{"name":"(anonymous_14)","decl":{"start":{"line":49,"column":10},"end":{"line":49,"column":20}},"loc":{"start":{"line":49,"column":48},"end":{"line":68,"column":6}}},"5":{"name":"(anonymous_16)","decl":{"start":{"line":71,"column":10},"end":{"line":71,"column":20}},"loc":{"start":{"line":71,"column":48},"end":{"line":82,"column":6}}}},"branchMap":{"0":{"loc":{"start":{"line":13,"column":12},"end":{"line":19,"column":13}},"type":"if","locations":[{"start":{"line":13,"column":12},"end":{"line":19,"column":13}},{"start":{"line":16,"column":19},"end":{"line":19,"column":13}}]},"1":{"loc":{"start":{"line":29,"column":12},"end":{"line":33,"column":13}},"type":"if","locations":[{"start":{"line":29,"column":12},"end":{"line":33,"column":13}},{"start":{"line":31,"column":19},"end":{"line":33,"column":13}}]},"2":{"loc":{"start":{"line":54,"column":12},"end":{"line":56,"column":13}},"type":"if","locations":[{"start":{"line":54,"column":12},"end":{"line":56,"column":13}}]},"3":{"loc":{"start":{"line":54,"column":16},"end":{"line":54,"column":39}},"type":"binary-expr","locations":[{"start":{"line":54,"column":16},"end":{"line":54,"column":19}},{"start":{"line":54,"column":23},"end":{"line":54,"column":39}}]},"4":{"loc":{"start":{"line":60,"column":12},"end":{"line":62,"column":13}},"type":"if","locations":[{"start":{"line":60,"column":12},"end":{"line":62,"column":13}}]},"5":{"loc":{"start":{"line":75,"column":12},"end":{"line":77,"column":13}},"type":"if","locations":[{"start":{"line":75,"column":12},"end":{"line":77,"column":13}}]}},"s":{"0":6,"1":6,"2":6,"3":6,"4":3,"5":3,"6":3,"7":3,"8":0,"9":4,"10":4,"11":4,"12":4,"13":2,"14":2,"15":0,"16":27,"17":27,"18":27,"19":26,"20":1,"21":1,"22":1,"23":1,"24":1,"25":0,"26":1,"27":1,"28":1,"29":0,"30":0,"31":2,"32":2,"33":2,"34":2,"35":1,"36":1,"37":0,"38":3},"f":{"0":6,"1":6,"2":4,"3":27,"4":1,"5":2},"b":{"0":[3,3],"1":[2,2],"2":[0],"3":[1,1],"4":[1],"5":[1]}}
,"C:\\Users\\avisa\\Documents\\posts-api-assignments\\src\\controllers\\commentsController.ts": {"path":"C:\\Users\\avisa\\Documents\\posts-api-assignments\\src\\controllers\\commentsController.ts","statementMap":{"0":{"start":{"line":1,"column":0},"end":{"line":1,"column":68}},"1":{"start":{"line":3,"column":0},"end":{"line":3,"column":47}},"2":{"start":{"line":7,"column":8},"end":{"line":7,"column":29}},"3":{"start":{"line":11,"column":23},"end":{"line":11,"column":40}},"4":{"start":{"line":12,"column":18},"end":{"line":14,"column":null}},"5":{"start":{"line":16,"column":8},"end":{"line":16,"column":24}},"6":{"start":{"line":17,"column":8},"end":{"line":17,"column":31}},"7":{"start":{"line":22,"column":0},"end":{"line":22,"column":40}}},"fnMap":{"0":{"name":"(anonymous_8)","decl":{"start":{"line":6,"column":4},"end":{"line":6,"column":null}},"loc":{"start":{"line":6,"column":4},"end":{"line":8,"column":5}}},"1":{"name":"(anonymous_9)","decl":{"start":{"line":10,"column":10},"end":{"line":10,"column":16}},"loc":{"start":{"line":10,"column":44},"end":{"line":18,"column":6}}}},"branchMap":{},"s":{"0":3,"1":3,"2":3,"3":1,"4":1,"5":1,"6":1,"7":3},"f":{"0":3,"1":1},"b":{}}
,"C:\\Users\\avisa\\Documents\\posts-api-assignments\\src\\controllers\\postsController.ts": {"path":"C:\\Users\\avisa\\Documents\\posts-api-assignments\\src\\controllers\\postsController.ts","statementMap":{"0":{"start":{"line":1,"column":0},"end":{"line":1,"column":57}},"1":{"start":{"line":3,"column":0},"end":{"line":3,"column":47}},"2":{"start":{"line":7,"column":8},"end":{"line":7,"column":25}},"3":{"start":{"line":11,"column":23},"end":{"line":11,"column":40}},"4":{"start":{"line":12,"column":18},"end":{"line":14,"column":null}},"5":{"start":{"line":16,"column":8},"end":{"line":16,"column":24}},"6":{"start":{"line":17,"column":8},"end":{"line":17,"column":31}},"7":{"start":{"line":22,"column":0},"end":{"line":22,"column":37}}},"fnMap":{"0":{"name":"(anonymous_8)","decl":{"start":{"line":6,"column":4},"end":{"line":6,"column":null}},"loc":{"start":{"line":6,"column":4},"end":{"line":8,"column":5}}},"1":{"name":"(anonymous_9)","decl":{"start":{"line":10,"column":10},"end":{"line":10,"column":16}},"loc":{"start":{"line":10,"column":44},"end":{"line":18,"column":6}}}},"branchMap":{},"s":{"0":3,"1":3,"2":3,"3":26,"4":26,"5":26,"6":26,"7":3},"f":{"0":3,"1":26},"b":{}}
,"C:\\Users\\avisa\\Documents\\posts-api-assignments\\src\\controllers\\usersController.ts": {"path":"C:\\Users\\avisa\\Documents\\posts-api-assignments\\src\\controllers\\usersController.ts","statementMap":{"0":{"start":{"line":2,"column":0},"end":{"line":2,"column":57}},"1":{"start":{"line":3,"column":0},"end":{"line":3,"column":28}},"2":{"start":{"line":4,"column":0},"end":{"line":4,"column":31}},"3":{"start":{"line":20,"column":23},"end":{"line":29,"column":1}},"4":{"start":{"line":21,"column":19},"end":{"line":21,"column":43}},"5":{"start":{"line":22,"column":4},"end":{"line":22,"column":29}},"6":{"start":{"line":22,"column":17},"end":{"line":22,"column":29}},"7":{"start":{"line":24,"column":19},"end":{"line":24,"column":43}},"8":{"start":{"line":25,"column":24},"end":{"line":25,"column":107}},"9":{"start":{"line":26,"column":25},"end":{"line":26,"column":116}},"10":{"start":{"line":28,"column":4},"end":{"line":28,"column":41}},"11":{"start":{"line":31,"column":17},"end":{"line":50,"column":2}},"12":{"start":{"line":31,"column":55},"end":{"line":50,"column":2}},"13":{"start":{"line":32,"column":4},"end":{"line":49,"column":5}},"14":{"start":{"line":33,"column":36},"end":{"line":33,"column":44}},"15":{"start":{"line":35,"column":8},"end":{"line":37,"column":9}},"16":{"start":{"line":36,"column":12},"end":{"line":36,"column":89}},"17":{"start":{"line":39,"column":21},"end":{"line":39,"column":45}},"18":{"start":{"line":40,"column":31},"end":{"line":40,"column":64}},"19":{"start":{"line":42,"column":21},"end":{"line":42,"column":80}},"20":{"start":{"line":43,"column":8},"end":{"line":43,"column":81}},"21":{"start":{"line":45,"column":8},"end":{"line":47,"column":9}},"22":{"start":{"line":46,"column":12},"end":{"line":46,"column":78}},"23":{"start":{"line":48,"column":8},"end":{"line":48,"column":99}},"24":{"start":{"line":52,"column":14},"end":{"line":80,"column":2}},"25":{"start":{"line":52,"column":52},"end":{"line":80,"column":2}},"26":{"start":{"line":53,"column":4},"end":{"line":79,"column":5}},"27":{"start":{"line":54,"column":36},"end":{"line":54,"column":44}},"28":{"start":{"line":56,"column":8},"end":{"line":58,"column":9}},"29":{"start":{"line":57,"column":12},"end":{"line":57,"column":89}},"30":{"start":{"line":60,"column":21},"end":{"line":60,"column":55}},"31":{"start":{"line":61,"column":8},"end":{"line":63,"column":9}},"32":{"start":{"line":62,"column":12},"end":{"line":62,"column":83}},"33":{"start":{"line":65,"column":23},"end":{"line":65,"column":47}},"34":{"start":{"line":66,"column":8},"end":{"line":68,"column":9}},"35":{"start":{"line":67,"column":12},"end":{"line":67,"column":94}},"36":{"start":{"line":71,"column":7},"end":{"line":74,"column":10}},"37":{"start":{"line":76,"column":8},"end":{"line":76,"column":59}},"38":{"start":{"line":78,"column":8},"end":{"line":78,"column":99}},"39":{"start":{"line":82,"column":27},"end":{"line":98,"column":2}},"40":{"start":{"line":82,"column":81},"end":{"line":98,"column":2}},"41":{"start":{"line":83,"column":19},"end":{"line":83,"column":43}},"42":{"start":{"line":84,"column":4},"end":{"line":84,"column":66}},"43":{"start":{"line":84,"column":17},"end":{"line":84,"column":66}},"44":{"start":{"line":86,"column":20},"end":{"line":86,"column":63}},"45":{"start":{"line":87,"column":17},"end":{"line":87,"column":54}},"46":{"start":{"line":88,"column":4},"end":{"line":90,"column":5}},"47":{"start":{"line":89,"column":8},"end":{"line":89,"column":61}},"48":{"start":{"line":93,"column":5},"end":{"line":96,"column":6}},"49":{"start":{"line":97,"column":4},"end":{"line":97,"column":16}},"50":{"start":{"line":100,"column":16},"end":{"line":124,"column":2}},"51":{"start":{"line":100,"column":54},"end":{"line":124,"column":2}},"52":{"start":{"line":101,"column":4},"end":{"line":123,"column":5}},"53":{"start":{"line":102,"column":33},"end":{"line":102,"column":41}},"54":{"start":{"line":104,"column":8},"end":{"line":106,"column":9}},"55":{"start":{"line":105,"column":12},"end":{"line":105,"column":83}},"56":{"start":{"line":108,"column":21},"end":{"line":108,"column":59}},"57":{"start":{"line":109,"column":23},"end":{"line":109,"column":47}},"58":{"start":{"line":110,"column":8},"end":{"line":112,"column":9}},"59":{"start":{"line":111,"column":12},"end":{"line":111,"column":94}},"60":{"start":{"line":115,"column":8},"end":{"line":118,"column":10}},"61":{"start":{"line":120,"column":8},"end":{"line":120,"column":59}},"62":{"start":{"line":122,"column":8},"end":{"line":122,"column":55}},"63":{"start":{"line":126,"column":15},"end":{"line":141,"column":2}},"64":{"start":{"line":126,"column":53},"end":{"line":141,"column":2}},"65":{"start":{"line":127,"column":4},"end":{"line":140,"column":5}},"66":{"start":{"line":128,"column":33},"end":{"line":128,"column":41}},"67":{"start":{"line":130,"column":8},"end":{"line":132,"column":9}},"68":{"start":{"line":131,"column":12},"end":{"line":131,"column":83}},"69":{"start":{"line":134,"column":21},"end":{"line":134,"column":59}},"70":{"start":{"line":135,"column":8},"end":{"line":135,"column":26}},"71":{"start":{"line":137,"column":8},"end":{"line":137,"column":70}},"72":{"start":{"line":139,"column":8},"end":{"line":139,"column":55}},"73":{"start":{"line":143,"column":30},"end":{"line":163,"column":1}},"74":{"start":{"line":144,"column":26},"end":{"line":144,"column":53}},"75":{"start":{"line":145,"column":18},"end":{"line":145,"column":46}},"76":{"start":{"line":147,"column":4},"end":{"line":149,"column":5}},"77":{"start":{"line":148,"column":8},"end":{"line":148,"column":86}},"78":{"start":{"line":151,"column":19},"end":{"line":151,"column":43}},"79":{"start":{"line":152,"column":4},"end":{"line":154,"column":5}},"80":{"start":{"line":153,"column":8},"end":{"line":153,"column":82}},"81":{"start":{"line":156,"column":4},"end":{"line":162,"column":5}},"82":{"start":{"line":157,"column":24},"end":{"line":157,"column":60}},"83":{"start":{"line":158,"column":8},"end":{"line":158,"column":40}},"84":{"start":{"line":159,"column":8},"end":{"line":159,"column":15}},"85":{"start":{"line":161,"column":8},"end":{"line":161,"column":75}},"86":{"start":{"line":143,"column":13},"end":{"line":143,"column":30}},"87":{"start":{"line":165,"column":0},"end":{"line":165,"column":52}}},"fnMap":{"0":{"name":"(anonymous_8)","decl":{"start":{"line":20,"column":23},"end":{"line":20,"column":24}},"loc":{"start":{"line":20,"column":57},"end":{"line":29,"column":1}}},"1":{"name":"(anonymous_9)","decl":{"start":{"line":31,"column":17},"end":{"line":31,"column":24}},"loc":{"start":{"line":31,"column":55},"end":{"line":50,"column":2}}},"2":{"name":"(anonymous_10)","decl":{"start":{"line":31,"column":55},"end":{"line":31,"column":null}},"loc":{"start":{"line":31,"column":55},"end":{"line":50,"column":1}}},"3":{"name":"(anonymous_11)","decl":{"start":{"line":52,"column":14},"end":{"line":52,"column":21}},"loc":{"start":{"line":52,"column":52},"end":{"line":80,"column":2}}},"4":{"name":"(anonymous_12)","decl":{"start":{"line":52,"column":52},"end":{"line":52,"column":null}},"loc":{"start":{"line":52,"column":52},"end":{"line":80,"column":1}}},"5":{"name":"(anonymous_13)","decl":{"start":{"line":82,"column":27},"end":{"line":82,"column":34}},"loc":{"start":{"line":82,"column":81},"end":{"line":98,"column":2}}},"6":{"name":"(anonymous_14)","decl":{"start":{"line":82,"column":81},"end":{"line":82,"column":null}},"loc":{"start":{"line":82,"column":81},"end":{"line":98,"column":1}}},"7":{"name":"(anonymous_15)","decl":{"start":{"line":100,"column":16},"end":{"line":100,"column":23}},"loc":{"start":{"line":100,"column":54},"end":{"line":124,"column":2}}},"8":{"name":"(anonymous_16)","decl":{"start":{"line":100,"column":54},"end":{"line":100,"column":null}},"loc":{"start":{"line":100,"column":54},"end":{"line":124,"column":1}}},"9":{"name":"(anonymous_17)","decl":{"start":{"line":126,"column":15},"end":{"line":126,"column":22}},"loc":{"start":{"line":126,"column":53},"end":{"line":141,"column":2}}},"10":{"name":"(anonymous_18)","decl":{"start":{"line":126,"column":53},"end":{"line":126,"column":null}},"loc":{"start":{"line":126,"column":53},"end":{"line":141,"column":1}}},"11":{"name":"(anonymous_19)","decl":{"start":{"line":143,"column":30},"end":{"line":143,"column":31}},"loc":{"start":{"line":143,"column":82},"end":{"line":163,"column":1}}}},"branchMap":{"0":{"loc":{"start":{"line":22,"column":4},"end":{"line":22,"column":29}},"type":"if","locations":[{"start":{"line":22,"column":4},"end":{"line":22,"column":29}}]},"1":{"loc":{"start":{"line":35,"column":8},"end":{"line":37,"column":9}},"type":"if","locations":[{"start":{"line":35,"column":8},"end":{"line":37,"column":9}}]},"2":{"loc":{"start":{"line":35,"column":12},"end":{"line":35,"column":31}},"type":"binary-expr","locations":[{"start":{"line":35,"column":12},"end":{"line":35,"column":18}},{"start":{"line":35,"column":22},"end":{"line":35,"column":31}}]},"3":{"loc":{"start":{"line":45,"column":8},"end":{"line":47,"column":9}},"type":"if","locations":[{"start":{"line":45,"column":8},"end":{"line":47,"column":9}}]},"4":{"loc":{"start":{"line":45,"column":12},"end":{"line":45,"column":57}},"type":"binary-expr","locations":[{"start":{"line":45,"column":12},"end":{"line":45,"column":30}},{"start":{"line":45,"column":34},"end":{"line":45,"column":55}}]},"5":{"loc":{"start":{"line":45,"column":34},"end":{"line":45,"column":55}},"type":"cond-expr","locations":[{"start":{"line":45,"column":48},"end":{"line":45,"column":50}},{"start":{"line":45,"column":48},"end":{"line":45,"column":55}}]},"6":{"loc":{"start":{"line":45,"column":34},"end":{"line":45,"column":50}},"type":"binary-expr","locations":[{"start":{"line":45,"column":34},"end":{"line":45,"column":50}},{"start":{"line":45,"column":48},"end":{"line":45,"column":50}}]},"7":{"loc":{"start":{"line":56,"column":8},"end":{"line":58,"column":9}},"type":"if","locations":[{"start":{"line":56,"column":8},"end":{"line":58,"column":9}}]},"8":{"loc":{"start":{"line":56,"column":12},"end":{"line":56,"column":31}},"type":"binary-expr","locations":[{"start":{"line":56,"column":12},"end":{"line":56,"column":18}},{"start":{"line":56,"column":22},"end":{"line":56,"column":31}}]},"9":{"loc":{"start":{"line":61,"column":8},"end":{"line":63,"column":9}},"type":"if","locations":[{"start":{"line":61,"column":8},"end":{"line":63,"column":9}}]},"10":{"loc":{"start":{"line":61,"column":12},"end":{"line":61,"column":69}},"type":"binary-expr","locations":[{"start":{"line":61,"column":12},"end":{"line":61,"column":17}},{"start":{"line":61,"column":21},"end":{"line":61,"column":69}}]},"11":{"loc":{"start":{"line":66,"column":8},"end":{"line":68,"column":9}},"type":"if","locations":[{"start":{"line":66,"column":8},"end":{"line":68,"column":9}}]},"12":{"loc":{"start":{"line":84,"column":4},"end":{"line":84,"column":66}},"type":"if","locations":[{"start":{"line":84,"column":4},"end":{"line":84,"column":66}}]},"13":{"loc":{"start":{"line":88,"column":4},"end":{"line":90,"column":5}},"type":"if","locations":[{"start":{"line":88,"column":4},"end":{"line":90,"column":5}}]},"14":{"loc":{"start":{"line":88,"column":8},"end":{"line":88,"column":61}},"type":"binary-expr","locations":[{"start":{"line":88,"column":8},"end":{"line":88,"column":13}},{"start":{"line":88,"column":17},"end":{"line":88,"column":61}}]},"15":{"loc":{"start":{"line":88,"column":18},"end":{"line":88,"column":59}},"type":"cond-expr","locations":[{"start":{"line":88,"column":35},"end":{"line":88,"column":37}},{"start":{"line":88,"column":35},"end":{"line":88,"column":59}}]},"16":{"loc":{"start":{"line":88,"column":18},"end":{"line":88,"column":37}},"type":"binary-expr","locations":[{"start":{"line":88,"column":18},"end":{"line":88,"column":37}},{"start":{"line":88,"column":35},"end":{"line":88,"column":37}}]},"17":{"loc":{"start":{"line":104,"column":8},"end":{"line":106,"column":9}},"type":"if","locations":[{"start":{"line":104,"column":8},"end":{"line":106,"column":9}}]},"18":{"loc":{"start":{"line":110,"column":8},"end":{"line":112,"column":9}},"type":"if","locations":[{"start":{"line":110,"column":8},"end":{"line":112,"column":9}}]},"19":{"loc":{"start":{"line":130,"column":8},"end":{"line":132,"column":9}},"type":"if","locations":[{"start":{"line":130,"column":8},"end":{"line":132,"column":9}}]},"20":{"loc":{"start":{"line":145,"column":18},"end":{"line":145,"column":46}},"type":"cond-expr","locations":[{"start":{"line":145,"column":31},"end":{"line":145,"column":33}},{"start":{"line":145,"column":18},"end":{"line":145,"column":46}}]},"21":{"loc":{"start":{"line":145,"column":18},"end":{"line":145,"column":33}},"type":"binary-expr","locations":[{"start":{"line":145,"column":18},"end":{"line":145,"column":33}},{"start":{"line":145,"column":18},"end":{"line":145,"column":33}}]},"22":{"loc":{"start":{"line":147,"column":4},"end":{"line":149,"column":5}},"type":"if","locations":[{"start":{"line":147,"column":4},"end":{"line":149,"column":5}}]},"23":{"loc":{"start":{"line":152,"column":4},"end":{"line":154,"column":5}},"type":"if","locations":[{"start":{"line":152,"column":4},"end":{"line":154,"column":5}}]}},"s":{"0":3,"1":3,"2":3,"3":3,"4":11,"5":11,"6":1,"7":10,"8":10,"9":10,"10":10,"11":3,"12":8,"13":8,"14":8,"15":8,"16":2,"17":6,"18":6,"19":6,"20":3,"21":3,"22":3,"23":0,"24":3,"25":9,"26":9,"27":9,"28":9,"29":0,"30":9,"31":9,"32":2,"33":7,"34":7,"35":1,"36":6,"37":6,"38":0,"39":3,"40":7,"41":7,"42":7,"43":0,"44":7,"45":7,"46":7,"47":2,"48":5,"49":5,"50":3,"51":7,"52":7,"53":7,"54":7,"55":1,"56":6,"57":4,"58":4,"59":0,"60":4,"61":4,"62":2,"63":3,"64":2,"65":2,"66":2,"67":2,"68":1,"69":1,"70":1,"71":1,"72":0,"73":3,"74":33,"75":33,"76":33,"77":1,"78":32,"79":32,"80":0,"81":32,"82":32,"83":30,"84":30,"85":2,"86":3,"87":3},"f":{"0":11,"1":8,"2":8,"3":9,"4":9,"5":7,"6":7,"7":7,"8":7,"9":2,"10":2,"11":33},"b":{"0":[1],"1":[2],"2":[8,7],"3":[3],"4":[3,3],"5":[0,3],"6":[3,3],"7":[0],"8":[9,9],"9":[2],"10":[9,8],"11":[1],"12":[0],"13":[2],"14":[7,7],"15":[0,7],"16":[7,7],"17":[1],"18":[0],"19":[1],"20":[1,32],"21":[33,33],"22":[1],"23":[0]}}
,"C:\\Users\\avisa\\Documents\\posts-api-assignments\\src\\models\\comments_model.ts": {"path":"C:\\Users\\avisa\\Documents\\posts-api-assignments\\src\\models\\comments_model.ts","statementMap":{"0":{"start":{"line":1,"column":0},"end":{"line":1,"column":32}},"1":{"start":{"line":8,"column":23},"end":{"line":21,"column":2}},"2":{"start":{"line":23,"column":22},"end":{"line":23,"column":75}},"3":{"start":{"line":25,"column":0},"end":{"line":25,"column":29}}},"fnMap":{},"branchMap":{},"s":{"0":3,"1":3,"2":3,"3":3},"f":{},"b":{}}
,"C:\\Users\\avisa\\Documents\\posts-api-assignments\\src\\models\\posts_model.ts": {"path":"C:\\Users\\avisa\\Documents\\posts-api-assignments\\src\\models\\posts_model.ts","statementMap":{"0":{"start":{"line":1,"column":0},"end":{"line":1,"column":32}},"1":{"start":{"line":9,"column":19},"end":{"line":19,"column":2}},"2":{"start":{"line":21,"column":18},"end":{"line":21,"column":60}},"3":{"start":{"line":23,"column":0},"end":{"line":23,"column":25}}},"fnMap":{},"branchMap":{},"s":{"0":3,"1":3,"2":3,"3":3},"f":{},"b":{}}
,"C:\\Users\\avisa\\Documents\\posts-api-assignments\\src\\models\\users_model.ts": {"path":"C:\\Users\\avisa\\Documents\\posts-api-assignments\\src\\models\\users_model.ts","statementMap":{"0":{"start":{"line":1,"column":0},"end":{"line":1,"column":32}},"1":{"start":{"line":10,"column":19},"end":{"line":24,"column":2}},"2":{"start":{"line":27,"column":18},"end":{"line":27,"column":60}},"3":{"start":{"line":29,"column":0},"end":{"line":29,"column":25}}},"fnMap":{},"branchMap":{},"s":{"0":3,"1":3,"2":3,"3":3},"f":{},"b":{}}
,"C:\\Users\\avisa\\Documents\\posts-api-assignments\\src\\routes\\comments_route.ts": {"path":"C:\\Users\\avisa\\Documents\\posts-api-assignments\\src\\routes\\comments_route.ts","statementMap":{"0":{"start":{"line":1,"column":0},"end":{"line":1,"column":30}},"1":{"start":{"line":2,"column":15},"end":{"line":2,"column":31}},"2":{"start":{"line":3,"column":0},"end":{"line":3,"column":67}},"3":{"start":{"line":4,"column":0},"end":{"line":4,"column":64}},"4":{"start":{"line":6,"column":0},"end":{"line":6,"column":68}},"5":{"start":{"line":8,"column":0},"end":{"line":8,"column":72}},"6":{"start":{"line":10,"column":0},"end":{"line":10,"column":85}},"7":{"start":{"line":12,"column":0},"end":{"line":12,"column":91}},"8":{"start":{"line":14,"column":0},"end":{"line":14,"column":94}},"9":{"start":{"line":16,"column":0},"end":{"line":16,"column":22}}},"fnMap":{},"branchMap":{},"s":{"0":3,"1":3,"2":3,"3":3,"4":3,"5":3,"6":3,"7":3,"8":3,"9":3},"f":{},"b":{}}
,"C:\\Users\\avisa\\Documents\\posts-api-assignments\\src\\routes\\post_routes.ts": {"path":"C:\\Users\\avisa\\Documents\\posts-api-assignments\\src\\routes\\post_routes.ts","statementMap":{"0":{"start":{"line":1,"column":0},"end":{"line":1,"column":30}},"1":{"start":{"line":2,"column":15},"end":{"line":2,"column":31}},"2":{"start":{"line":3,"column":0},"end":{"line":3,"column":61}},"3":{"start":{"line":4,"column":0},"end":{"line":4,"column":64}},"4":{"start":{"line":6,"column":0},"end":{"line":6,"column":62}},"5":{"start":{"line":8,"column":0},"end":{"line":8,"column":66}},"6":{"start":{"line":10,"column":0},"end":{"line":10,"column":79}},"7":{"start":{"line":12,"column":0},"end":{"line":12,"column":85}},"8":{"start":{"line":14,"column":0},"end":{"line":14,"column":88}},"9":{"start":{"line":16,"column":0},"end":{"line":16,"column":22}}},"fnMap":{},"branchMap":{},"s":{"0":3,"1":3,"2":3,"3":3,"4":3,"5":3,"6":3,"7":3,"8":3,"9":3},"f":{},"b":{}}
,"C:\\Users\\avisa\\Documents\\posts-api-assignments\\src\\routes\\user_route.ts": {"path":"C:\\Users\\avisa\\Documents\\posts-api-assignments\\src\\routes\\user_route.ts","statementMap":{"0":{"start":{"line":1,"column":0},"end":{"line":1,"column":30}},"1":{"start":{"line":2,"column":15},"end":{"line":2,"column":31}},"2":{"start":{"line":3,"column":0},"end":{"line":3,"column":61}},"3":{"start":{"line":5,"column":0},"end":{"line":5,"column":51}},"4":{"start":{"line":7,"column":0},"end":{"line":7,"column":45}},"5":{"start":{"line":9,"column":0},"end":{"line":9,"column":49}},"6":{"start":{"line":11,"column":0},"end":{"line":11,"column":47}},"7":{"start":{"line":14,"column":0},"end":{"line":14,"column":22}}},"fnMap":{},"branchMap":{},"s":{"0":3,"1":3,"2":3,"3":3,"4":3,"5":3,"6":3,"7":3},"f":{},"b":{}}
}
