TN:
SF:src\server.ts
FN:18,(anonymous_1)
FN:19,(anonymous_2)
FN:21,(anonymous_3)
FN:22,(anonymous_4)
FN:28,(anonymous_5)
FN:31,(anonymous_6)
FNF:6
FNH:5
FNDA:0,(anonymous_1)
FNDA:3,(anonymous_2)
FNDA:5,(anonymous_3)
FNDA:5,(anonymous_4)
FNDA:3,(anonymous_5)
FNDA:1,(anonymous_6)
DA:1,3
DA:2,3
DA:3,3
DA:4,3
DA:5,3
DA:6,3
DA:7,3
DA:8,3
DA:10,3
DA:11,3
DA:12,3
DA:13,3
DA:14,3
DA:15,3
DA:17,3
DA:18,3
DA:19,3
DA:21,3
DA:22,5
DA:23,5
DA:24,1
DA:26,4
DA:29,3
DA:32,1
DA:38,3
LF:25
LH:25
BRDA:23,0,0,1
BRDA:23,0,1,4
BRF:2
BRH:2
end_of_record
TN:
SF:src\controllers\base_controller.ts
FN:6,(anonymous_7)
FN:10,(anonymous_8)
FN:25,(anonymous_10)
FN:39,(anonymous_12)
FN:49,(anonymous_14)
FN:71,(anonymous_16)
FNF:6
FNH:6
FNDA:6,(anonymous_7)
FNDA:6,(anonymous_8)
FNDA:4,(anonymous_10)
FNDA:27,(anonymous_12)
FNDA:1,(anonymous_14)
FNDA:2,(anonymous_16)
DA:7,6
DA:11,6
DA:12,6
DA:13,6
DA:14,3
DA:15,3
DA:17,3
DA:18,3
DA:21,0
DA:26,4
DA:27,4
DA:28,4
DA:29,4
DA:30,2
DA:32,2
DA:35,0
DA:40,27
DA:41,27
DA:42,27
DA:43,26
DA:45,1
DA:50,1
DA:51,1
DA:53,1
DA:54,1
DA:55,0
DA:58,1
DA:60,1
DA:61,1
DA:64,0
DA:66,0
DA:72,2
DA:73,2
DA:74,2
DA:75,2
DA:76,1
DA:78,1
DA:80,0
DA:87,3
LF:39
LH:33
BRDA:13,0,0,3
BRDA:13,0,1,3
BRDA:29,1,0,2
BRDA:29,1,1,2
BRDA:54,2,0,0
BRDA:54,3,0,1
BRDA:54,3,1,1
BRDA:60,4,0,1
BRDA:75,5,0,1
BRF:9
BRH:8
end_of_record
TN:
SF:src\controllers\commentsController.ts
FN:6,(anonymous_8)
FN:10,(anonymous_9)
FNF:2
FNH:2
FNDA:3,(anonymous_8)
FNDA:1,(anonymous_9)
DA:1,3
DA:3,3
DA:7,3
DA:11,1
DA:12,1
DA:16,1
DA:17,1
DA:22,3
LF:8
LH:8
BRF:0
BRH:0
end_of_record
TN:
SF:src\controllers\postsController.ts
FN:6,(anonymous_8)
FN:10,(anonymous_9)
FNF:2
FNH:2
FNDA:3,(anonymous_8)
FNDA:26,(anonymous_9)
DA:1,3
DA:3,3
DA:7,3
DA:11,26
DA:12,26
DA:16,26
DA:17,26
DA:22,3
LF:8
LH:8
BRF:0
BRH:0
end_of_record
TN:
SF:src\controllers\usersController.ts
FN:20,(anonymous_8)
FN:31,(anonymous_9)
FN:31,(anonymous_10)
FN:52,(anonymous_11)
FN:52,(anonymous_12)
FN:82,(anonymous_13)
FN:82,(anonymous_14)
FN:100,(anonymous_15)
FN:100,(anonymous_16)
FN:126,(anonymous_17)
FN:126,(anonymous_18)
FN:143,(anonymous_19)
FNF:12
FNH:12
FNDA:11,(anonymous_8)
FNDA:8,(anonymous_9)
FNDA:8,(anonymous_10)
FNDA:9,(anonymous_11)
FNDA:9,(anonymous_12)
FNDA:7,(anonymous_13)
FNDA:7,(anonymous_14)
FNDA:7,(anonymous_15)
FNDA:7,(anonymous_16)
FNDA:2,(anonymous_17)
FNDA:2,(anonymous_18)
FNDA:33,(anonymous_19)
DA:2,3
DA:3,3
DA:4,3
DA:20,3
DA:21,11
DA:22,11
DA:24,10
DA:25,10
DA:26,10
DA:28,10
DA:31,8
DA:32,8
DA:33,8
DA:35,8
DA:36,2
DA:39,6
DA:40,6
DA:42,6
DA:43,3
DA:45,3
DA:46,3
DA:48,0
DA:52,9
DA:53,9
DA:54,9
DA:56,9
DA:57,0
DA:60,9
DA:61,9
DA:62,2
DA:65,7
DA:66,7
DA:67,1
DA:71,6
DA:76,6
DA:78,0
DA:82,7
DA:83,7
DA:84,7
DA:86,7
DA:87,7
DA:88,7
DA:89,2
DA:93,5
DA:97,5
DA:100,7
DA:101,7
DA:102,7
DA:104,7
DA:105,1
DA:108,6
DA:109,4
DA:110,4
DA:111,0
DA:115,4
DA:120,4
DA:122,2
DA:126,3
DA:127,2
DA:128,2
DA:130,2
DA:131,1
DA:134,1
DA:135,1
DA:137,1
DA:139,0
DA:143,3
DA:144,33
DA:145,33
DA:147,33
DA:148,1
DA:151,32
DA:152,32
DA:153,0
DA:156,32
DA:157,32
DA:158,30
DA:159,30
DA:161,2
DA:165,3
LF:80
LH:74
BRDA:22,0,0,1
BRDA:35,1,0,2
BRDA:35,2,0,8
BRDA:35,2,1,7
BRDA:45,3,0,3
BRDA:45,4,0,3
BRDA:45,4,1,3
BRDA:45,5,0,0
BRDA:45,5,1,3
BRDA:45,6,0,3
BRDA:45,6,1,3
BRDA:56,7,0,0
BRDA:56,8,0,9
BRDA:56,8,1,9
BRDA:61,9,0,2
BRDA:61,10,0,9
BRDA:61,10,1,8
BRDA:66,11,0,1
BRDA:84,12,0,0
BRDA:88,13,0,2
BRDA:88,14,0,7
BRDA:88,14,1,7
BRDA:88,15,0,0
BRDA:88,15,1,7
BRDA:88,16,0,7
BRDA:88,16,1,7
BRDA:104,17,0,1
BRDA:110,18,0,0
BRDA:130,19,0,1
BRDA:145,20,0,1
BRDA:145,20,1,32
BRDA:145,21,0,33
BRDA:145,21,1,33
BRDA:147,22,0,1
BRDA:152,23,0,0
BRF:35
BRH:29
end_of_record
TN:
SF:src\models\comments_model.ts
FNF:0
FNH:0
DA:1,3
DA:8,3
DA:23,3
DA:25,3
LF:4
LH:4
BRF:0
BRH:0
end_of_record
TN:
SF:src\models\posts_model.ts
FNF:0
FNH:0
DA:1,3
DA:9,3
DA:21,3
DA:23,3
LF:4
LH:4
BRF:0
BRH:0
end_of_record
TN:
SF:src\models\users_model.ts
FNF:0
FNH:0
DA:1,3
DA:10,3
DA:27,3
DA:29,3
LF:4
LH:4
BRF:0
BRH:0
end_of_record
TN:
SF:src\routes\comments_route.ts
FNF:0
FNH:0
DA:1,3
DA:2,3
DA:3,3
DA:4,3
DA:6,3
DA:8,3
DA:10,3
DA:12,3
DA:14,3
DA:16,3
LF:10
LH:10
BRF:0
BRH:0
end_of_record
TN:
SF:src\routes\post_routes.ts
FNF:0
FNH:0
DA:1,3
DA:2,3
DA:3,3
DA:4,3
DA:6,3
DA:8,3
DA:10,3
DA:12,3
DA:14,3
DA:16,3
LF:10
LH:10
BRF:0
BRH:0
end_of_record
TN:
SF:src\routes\user_route.ts
FNF:0
FNH:0
DA:1,3
DA:2,3
DA:3,3
DA:5,3
DA:7,3
DA:9,3
DA:11,3
DA:14,3
LF:8
LH:8
BRF:0
BRH:0
end_of_record
